     1                                  bits 32 ; assembling for the 32 bits architecture
     2                                  
     3                                  ; declare the EntryPoint (a label defining the very first instruction of the program)
     4                                  global start        
     5                                  
     6                                  ; declare external functions needed by our program
     7                                  extern exit               ; tell nasm that exit exists even if we won't be defining it
     8                                  import exit msvcrt.dll    ; exit is a function that ends the calling process. It is defined in msvcrt.dll
     9                                                            ; msvcrt.dll contains exit, printf and all the other important C-runtime specific functions
    10                                  
    11                                  ; our data is declared here (the variables needed by our program)
    12                                  segment data use32 class=data
    13 00000000 02                          a db 2
    14 00000001 02                          b db 2
    15 00000002 06                          c db 6
    16 00000003 0E00                        d dw 14
    17                                  
    18                                  ; our code starts here
    19                                  segment code use32 class=code
    20                                      start:
    21 00000000 A0[01000000]                    mov al, [b]
    22 00000005 F625[02000000]                  mul byte [c]
    23 0000000B 6689C3                          mov bx, ax
    24 0000000E B002                            mov al, 2
    25 00000010 F625[01000000]                  mul byte [b]
    26 00000016 660305[03000000]                add ax, [d]
    27 0000001D 6629D8                          sub ax, bx
    28 00000020 F635[00000000]                  div byte [a]
    29                                      
    30                                          ; exit(0)
    31 00000026 6A00                            push    dword 0      ; push the parameter for exit onto the stack
    32 00000028 FF15[00000000]                  call    [exit]       ; call exit to terminate the program
