     1                                  bits 32
     2                                  
     3                                  global start        
     4                                  
     5                                  ; declararea functiilor externe folosite de program
     6                                  extern exit, printf, scanf ; adaugam printf si scanf ca functii externa            
     7                                  import exit msvcrt.dll    
     8                                  import printf msvcrt.dll    ; indicam asamblorului ca functia printf se gaseste in libraria msvcrt.dll
     9                                  import scanf msvcrt.dll     ; similar pentru scanf
    10                                                            
    11                                  segment data use32 class=data
    12 00000000 00000000                	a dd 0
    13 00000004 00000000                    b dd 0
    14 00000008 613D00                  	messagea  db "a=", 0  
    15 0000000B 623D00                  	messageb db "b=",0
    16 0000000E 256400                      format  db "%d", 0
    17 00000011 257800                      formathexa db "%x", 0
    18                                      
    19                                  segment code use32 class=code
    20                                      ;Sa se citeasca de la tastatura doua numere a si b (in baza 10) si sa se calculeze a+b. Sa se afiseze rezultatul adunarii in baza 16.
    21                                      start:
    22 00000000 68[08000000]                    push dword messagea 
    23 00000005 FF15[00000000]                  call [printf]      
    24 0000000B 83C404                          add esp, 4*1       
    25                                                                                     
    26 0000000E 68[00000000]                    push dword a       
    27 00000013 68[0E000000]                    push dword format
    28 00000018 FF15[00000000]                  call [scanf]       
    29 0000001E 83C408                          add esp, 4 * 2
    30                                  
    31 00000021 68[0B000000]                    push dword messageb 
    32 00000026 FF15[00000000]                  call [printf]      
    33 0000002C 83C404                          add esp, 4*1       
    34                                                                                     
    35 0000002F 68[04000000]                    push dword b       
    36 00000034 68[0E000000]                    push dword format
    37 00000039 FF15[00000000]                  call [scanf]       
    38 0000003F 83C408                          add esp, 4 * 2        
    39                                          
    40 00000042 A1[00000000]                    mov eax,[a]
    41 00000047 0305[04000000]                  add eax, [b]
    42                                          
    43 0000004D 50                              push dword eax
    44 0000004E 68[11000000]                    push dword formathexa
    45 00000053 FF15[00000000]                  call [printf]
    46 00000059 83C408                          add esp, 4*2
    47                                          
    48                                          ; exit(0)
    49 0000005C 6A00                            push dword 0      ; punem pe stiva parametrul pentru exit
    50 0000005E FF15[00000000]                  call [exit]       ; apelam exit pentru a incheia programul
